<?xml version="1.0" encoding="UTF-8"?>
<testng-results ignored="0" total="1" passed="1" failed="0" skipped="0">
  <reporter-output>
  </reporter-output>
  <suite started-at="2021-08-02T17:42:33 IST" name="Default suite" finished-at="2021-08-02T17:42:41 IST" duration-ms="7887">
    <groups>
    </groups>
    <test started-at="2021-08-02T17:42:33 IST" name="Default test" finished-at="2021-08-02T17:42:41 IST" duration-ms="7887">
      <class name="com.ramgyantra.projectTest.CreateProjectWithCompletedStatusUsingFrameworkTest">
        <test-method is-config="true" signature="configBeforeSuite()[pri:0, instance:com.ramgyantra.projectTest.CreateProjectWithCompletedStatusUsingFrameworkTest@5939a379]" started-at="2021-08-02T17:42:30 IST" name="configBeforeSuite" finished-at="2021-08-02T17:42:33 IST" duration-ms="3219" status="PASS">
          <reporter-output>
          </reporter-output>
        </test-method> <!-- configBeforeSuite -->
        <test-method signature="createProject()[pri:0, instance:com.ramgyantra.projectTest.CreateProjectWithCompletedStatusUsingFrameworkTest@5939a379]" started-at="2021-08-02T17:42:33 IST" name="createProject" finished-at="2021-08-02T17:42:41 IST" duration-ms="7797" status="PASS">
          <reporter-output>
          </reporter-output>
        </test-method> <!-- createProject -->
        <test-method is-config="true" signature="configAfterSuite()[pri:0, instance:com.ramgyantra.projectTest.CreateProjectWithCompletedStatusUsingFrameworkTest@5939a379]" started-at="2021-08-02T17:42:41 IST" name="configAfterSuite" finished-at="2021-08-02T17:42:41 IST" duration-ms="87" status="PASS">
          <reporter-output>
          </reporter-output>
        </test-method> <!-- configAfterSuite -->
      </class> <!-- com.ramgyantra.projectTest.CreateProjectWithCompletedStatusUsingFrameworkTest -->
    </test> <!-- Default test -->
  </suite> <!-- Default suite -->
</testng-results>
